d:\visualstudiofile\source\repos\opengl0\opengl0\x64\debug\vc143.pdb
d:\visualstudiofile\source\repos\opengl0\opengl0\x64\debug\vc143.idb
d:\visualstudiofile\source\repos\opengl0\opengl0\x64\debug\pratice_triangle.obj
d:\visualstudiofile\source\repos\opengl0\opengl0\x64\debug\소스.obj
d:\visualstudiofile\source\repos\opengl0\opengl0\x64\debug\useindexbuffer.obj
d:\visualstudiofile\source\repos\opengl0\opengl0\x64\debug\pr_2.obj
d:\visualstudiofile\source\repos\opengl0\opengl0\x64\debug\pr_1.obj
d:\visualstudiofile\source\repos\opengl0\opengl0\x64\debug\ex_square.obj
d:\visualstudiofile\source\repos\opengl0\opengl0\x64\debug\createwindow_exercise.obj
d:\visualstudiofile\source\repos\opengl0\opengl0\x64\debug\createtriangle_tuto.obj
d:\visualstudiofile\source\repos\opengl0\opengl0\x64\debug\glad.obj
d:\visualstudiofile\source\repos\opengl0\opengl0\x64\debug\shaderclass.obj
d:\visualstudiofile\source\repos\opengl0\opengl0\x64\debug\ebo.obj
d:\visualstudiofile\source\repos\opengl0\opengl0\x64\debug\main.obj
d:\visualstudiofile\source\repos\opengl0\opengl0\x64\debug\vbo.obj
d:\visualstudiofile\source\repos\opengl0\opengl0\x64\debug\vao.obj
d:\visualstudiofile\source\repos\opengl0\opengl0\x64\debug\opengl0.ilk
d:\visualstudiofile\source\repos\opengl0\x64\debug\opengl0.pdb
d:\visualstudiofile\source\repos\opengl0\x64\debug\opengl0.exe
d:\visualstudiofile\source\repos\opengl0\opengl0\x64\debug\opengl0.tlog\cl.command.1.tlog
d:\visualstudiofile\source\repos\opengl0\opengl0\x64\debug\opengl0.tlog\cl.read.1.tlog
d:\visualstudiofile\source\repos\opengl0\opengl0\x64\debug\opengl0.tlog\cl.write.1.tlog
d:\visualstudiofile\source\repos\opengl0\opengl0\x64\debug\opengl0.tlog\link.command.1.tlog
d:\visualstudiofile\source\repos\opengl0\opengl0\x64\debug\opengl0.tlog\link.read.1.tlog
d:\visualstudiofile\source\repos\opengl0\opengl0\x64\debug\opengl0.tlog\link.write.1.tlog
